[debug] [2021-02-11T06:01:03.845Z] ----------------------------------------------------------------------
[debug] [2021-02-11T06:01:03.847Z] Command:       /Users/Peter/.nvm/versions/node/v12.16.3/bin/node /usr/local/bin/firebase serve --only functions
[debug] [2021-02-11T06:01:03.847Z] CLI Version:   7.13.0
[debug] [2021-02-11T06:01:03.847Z] Platform:      darwin
[debug] [2021-02-11T06:01:03.847Z] Node Version:  v12.16.3
[debug] [2021-02-11T06:01:03.849Z] Time:          Wed Feb 10 2021 22:01:03 GMT-0800 (Pacific Standard Time)
[debug] [2021-02-11T06:01:03.849Z] ----------------------------------------------------------------------
[debug] [2021-02-11T06:01:03.849Z] 
[debug] [2021-02-11T06:01:03.863Z] > command requires scopes: ["email","openid","https://www.googleapis.com/auth/cloudplatformprojects.readonly","https://www.googleapis.com/auth/firebase","https://www.googleapis.com/auth/cloud-platform"]
[debug] [2021-02-11T06:01:03.864Z] > authorizing via signed-in user
[debug] [2021-02-11T06:01:03.864Z] [iam] checking project cetracker-2de23 for permissions ["firebase.projects.get"]
[debug] [2021-02-11T06:01:03.865Z] > refreshing access token with scopes: ["email","https://www.googleapis.com/auth/cloud-platform","https://www.googleapis.com/auth/cloudplatformprojects.readonly","https://www.googleapis.com/auth/firebase","openid"]
[debug] [2021-02-11T06:01:03.867Z] >>> HTTP REQUEST POST https://www.googleapis.com/oauth2/v3/token  
 <request body omitted>
[debug] [2021-02-11T06:01:04.084Z] <<< HTTP RESPONSE 200
[debug] [2021-02-11T06:01:04.121Z] >>> HTTP REQUEST POST https://cloudresourcemanager.googleapis.com/v1/projects/cetracker-2de23:testIamPermissions  

[debug] [2021-02-11T06:01:04.388Z] <<< HTTP RESPONSE 200
[debug] [2021-02-11T06:01:04.389Z] >>> HTTP REQUEST GET https://firebase.googleapis.com/v1beta1/projects/cetracker-2de23  
 
[debug] [2021-02-11T06:01:04.902Z] <<< HTTP RESPONSE 200
[warn] ⚠  Your requested "node" version "10" doesn't match your global version "12"
[info] ✔  functions: Emulator started at http://localhost:5000
[info] i  functions: Watching "/Users/Peter/Documents/dev/CEManager/functions" for Cloud Functions...
[debug] [2021-02-11T06:01:05.216Z] [worker-pool] addWorker(~diagnostic~)
[debug] [2021-02-11T06:01:05.216Z] [worker-pool] Adding worker with key ~diagnostic~, total=1
[debug] [2021-02-11T06:01:05.216Z] [worker-pool] submitWork(triggerId=)
[debug] [2021-02-11T06:01:05.217Z] [worker-~diagnostic~-b6ea3475-ab27-4b50-ba68-596390726610]: Assigning socketPath: /var/folders/0q/_clczfsn1qnfj3_z2l9x1bt00000gn/T/fire_emu_62601.sock
[debug] [2021-02-11T06:01:05.217Z] [worker-~diagnostic~-b6ea3475-ab27-4b50-ba68-596390726610]: BUSY
[debug] [2021-02-11T06:01:05.908Z] [runtime-status] [62601] Functions runtime initialized. {"cwd":"/Users/Peter/Documents/dev/CEManager/functions","node_version":"12.16.3"}
[debug] [2021-02-11T06:01:05.910Z] [runtime-status] [62601] Disabled runtime features: {"functions_config_helper":true,"network_filtering":true,"timeout":true,"memory_limiting":true,"admin_stubs":true,"pubsub_emulator":true}
[debug] [2021-02-11T06:01:05.918Z] [runtime-status] [62601] Resolved module firebase-admin {"declared":true,"installed":true,"version":"8.10.0","resolution":"/Users/Peter/Documents/dev/CEManager/functions/node_modules/firebase-admin/lib/index.js"}
[debug] [2021-02-11T06:01:05.927Z] [runtime-status] [62601] Resolved module firebase-functions {"declared":true,"installed":true,"version":"3.6.0","resolution":"/Users/Peter/Documents/dev/CEManager/functions/node_modules/firebase-functions/lib/index.js"}
[warn] ⚠  functions: Your GOOGLE_APPLICATION_CREDENTIALS environment variable points to /users/peter/documents/dev/ceSimplyAdminKey.json. Non-emulated services will access production using these credentials. Be careful!
[debug] [2021-02-11T06:01:05.928Z] [runtime-status] [62601] Resolved module firebase-functions {"declared":true,"installed":true,"version":"3.6.0","resolution":"/Users/Peter/Documents/dev/CEManager/functions/node_modules/firebase-functions/lib/index.js"}
[info] ✔  functions[createThumbnail]: http function initialized (http://localhost:5000/cetracker-2de23/us-central1/createThumbnail).
[info] ✔  functions[renewLicense]: http function initialized (http://localhost:5000/cetracker-2de23/us-central1/renewLicense).
[debug] [2021-02-11T06:01:08.111Z] [worker-~diagnostic~-b6ea3475-ab27-4b50-ba68-596390726610]: IDLE
[debug] [2021-02-11T06:01:11.060Z] [work-queue] {"queueLength":1,"workRunningCount":0}
[debug] [2021-02-11T06:01:11.061Z] [work-queue] {"queueLength":0,"workRunningCount":1}
[debug] [2021-02-11T06:01:11.061Z] Accepted request GET /cetracker-2de23/us-central1/renewLicense --> renewLicense
[debug] [2021-02-11T06:01:11.074Z] [worker-pool] addWorker(renewLicense)
[debug] [2021-02-11T06:01:11.074Z] [worker-pool] Adding worker with key renewLicense, total=1
[debug] [2021-02-11T06:01:11.074Z] [worker-pool] submitWork(triggerId=renewLicense)
[debug] [2021-02-11T06:01:11.074Z] [worker-renewLicense-02b7e6c6-7c11-4aed-98d6-27a0557b88c0]: Assigning socketPath: /var/folders/0q/_clczfsn1qnfj3_z2l9x1bt00000gn/T/fire_emu_62604.sock
[debug] [2021-02-11T06:01:11.074Z] [worker-renewLicense-02b7e6c6-7c11-4aed-98d6-27a0557b88c0]: BUSY
[debug] [2021-02-11T06:01:12.684Z] [runtime-status] [62604] Functions runtime initialized. {"cwd":"/Users/Peter/Documents/dev/CEManager/functions","node_version":"12.16.3"}
[debug] [2021-02-11T06:01:12.709Z] [runtime-status] [62604] Disabled runtime features: {"functions_config_helper":true,"network_filtering":true,"timeout":true,"memory_limiting":true,"admin_stubs":true,"pubsub_emulator":true}
[debug] [2021-02-11T06:01:12.713Z] [runtime-status] [62604] Resolved module firebase-admin {"declared":true,"installed":true,"version":"8.10.0","resolution":"/Users/Peter/Documents/dev/CEManager/functions/node_modules/firebase-admin/lib/index.js"}
[debug] [2021-02-11T06:01:12.715Z] [runtime-status] [62604] Resolved module firebase-functions {"declared":true,"installed":true,"version":"3.6.0","resolution":"/Users/Peter/Documents/dev/CEManager/functions/node_modules/firebase-functions/lib/index.js"}
[warn] ⚠  functions: Your GOOGLE_APPLICATION_CREDENTIALS environment variable points to /users/peter/documents/dev/ceSimplyAdminKey.json. Non-emulated services will access production using these credentials. Be careful!
[debug] [2021-02-11T06:01:12.721Z] [runtime-status] [62604] Resolved module firebase-functions {"declared":true,"installed":true,"version":"3.6.0","resolution":"/Users/Peter/Documents/dev/CEManager/functions/node_modules/firebase-functions/lib/index.js"}
[debug] [2021-02-11T06:01:14.534Z] [runtime-status] [62604] Trigger "renewLicense" has been found, beginning invocation!
[info] i  functions: Beginning execution of "renewLicense"
[debug] [2021-02-11T06:01:14.540Z] [runtime-status] [62604] triggerDefinition {"timeout":"450s","availableMemoryMb":1024,"httpsTrigger":{},"name":"renewLicense","entryPoint":"renewLicense"}
[debug] [2021-02-11T06:01:14.599Z] [runtime-status] [62604] Running renewLicense in mode HTTPS
[debug] [2021-02-11T06:01:14.615Z] [runtime-status] [62604] Attempting to listen to socketPath: /var/folders/0q/_clczfsn1qnfj3_z2l9x1bt00000gn/T/fire_emu_62604.sock
[debug] [2021-02-11T06:01:14.633Z] [functions] Runtime ready! Sending request!
[debug] [2021-02-11T06:01:14.655Z] [runtime-status] [62604] Ephemeral server handling GET request
[info] >  checkLicenseRequirementsComplete()
[info] >  License up to date and meets all necessary requirements
[info] >  attemptLogin()
[info] >  startRenewal()
[info] >  handleIntroduction()
[info] >  handleInformationPrivacyAct()
[info] >  transactionSuitabilityQuestions()
[info] >  applicationQuestions()
[info] >  handleNameAndPersonalOrganizationDetails()
[info] >  handleContactDetails()
[info] >  handleCEInformation()
[info] >  CEs entered correctly
[info] >  handleQuestions()
[info] >  handleConvictionQuestions()
[info] >  handleDisciplineQuestions()
[info] >  handleFollowUpRenewalInstructions()
[info] >  handleWorkLocation()
[info] >  handleHealingArtSurvey()
[info] >  handleFileAttachments()
[info] >  userImages/7QBkQYXbbZNzoScPS368wP27CmK2/a63a561d-3a4f-4740-b668-d9c078a5e3d9.jpeg
[info] >  userImages/7QBkQYXbbZNzoScPS368wP27CmK2/81008035-c89b-4343-b6f5-806c00b17dfb.jpeg
[info] >  ["/var/folders/0q/_clczfsn1qnfj3_z2l9x1bt00000gn/T/9c319565-e8cd-4e59-b420-00088a3e07b8.jpeg","/var/folders/0q/_clczfsn1qnfj3_z2l9x1bt00000gn/T/91062d89-5ac9-4258-b384-f96c5edf39e1.jpeg"]
[info] >  handleApplicationSummary()
[info] >  Exiting...
[info] >  
[info] >  Stacktrace:
[info] >  ====================
[info] >  Error: Protocol error (Page.printToPDF): PrintToPDF is not implemented
[info] >      at /Users/Peter/Documents/dev/CEManager/functions/node_modules/puppeteer/lib/cjs/puppeteer/common/Connection.js:208:63
[info] >      at new Promise (<anonymous>)
[info] >      at CDPSession.send (/Users/Peter/Documents/dev/CEManager/functions/node_modules/puppeteer/lib/cjs/puppeteer/common/Connection.js:207:16)
[info] >      at Page.pdf (/Users/Peter/Documents/dev/CEManager/functions/node_modules/puppeteer/lib/cjs/puppeteer/common/Page.js:1175:43)
[info] >      at Object.exports.handleApplicationSummary (/Users/Peter/Documents/dev/CEManager/functions/licenseRenewal/registeredNurse.js:1271:20)
[info] >      at runMicrotasks (<anonymous>)
[info] >      at processTicksAndRejections (internal/process/task_queues.js:97:5)
[info] >      at async /Users/Peter/Documents/dev/CEManager/functions/index.js:266:16
[debug] [2021-02-11T06:02:33.337Z] [runtime-status] [62604] Ephemeral server survived.
[info] i  functions: Finished "renewLicense" in ~78s
[debug] [2021-02-11T06:02:33.339Z] [worker-renewLicense-02b7e6c6-7c11-4aed-98d6-27a0557b88c0]: IDLE
[debug] [2021-02-11T06:02:33.339Z] [work-queue] {"queueLength":0,"workRunningCount":0}
